[2022-07-07 11:14:22.584] [jointLog] [info] setting maxHashResizeThreads to 8
[2022-07-07 11:14:22.584] [jointLog] [info] Fragment incompatibility prior below threshold.  Incompatible fragments will be ignored.
[2022-07-07 11:14:22.584] [jointLog] [info] Usage of --validateMappings implies use of minScoreFraction. Since not explicitly specified, it is being set to 0.65
[2022-07-07 11:14:22.584] [jointLog] [info] Setting consensusSlack to selective-alignment default of 0.35.
[2022-07-07 11:14:22.584] [jointLog] [info] parsing read library format
[2022-07-07 11:14:22.584] [jointLog] [info] There is 1 library.
[2022-07-07 11:14:22.584] [jointLog] [info] Loading pufferfish index
[2022-07-07 11:14:22.584] [jointLog] [info] Loading dense pufferfish index.
[2022-07-07 11:14:24.465] [jointLog] [info] done
[2022-07-07 11:14:24.572] [jointLog] [info] Index contained 245,339 targets
[2022-07-07 11:14:26.351] [jointLog] [info] Number of decoys : 78
[2022-07-07 11:14:26.351] [jointLog] [info] First decoy index : 245,220 
[2022-07-07 11:14:26.929] [jointLog] [info] Automatically detected most likely library type as ISF

[2022-07-07 11:19:52.234] [jointLog] [info] Thread saw mini-batch with a maximum of 1.16% zero probability fragments
[2022-07-07 11:19:52.258] [jointLog] [info] Thread saw mini-batch with a maximum of 1.02% zero probability fragments
[2022-07-07 11:19:52.306] [jointLog] [info] Thread saw mini-batch with a maximum of 1.02% zero probability fragments
[2022-07-07 11:19:52.364] [jointLog] [info] Thread saw mini-batch with a maximum of 1.00% zero probability fragments
[2022-07-07 11:19:52.393] [jointLog] [info] Thread saw mini-batch with a maximum of 0.98% zero probability fragments
[2022-07-07 11:19:52.412] [jointLog] [info] Thread saw mini-batch with a maximum of 1.02% zero probability fragments
[2022-07-07 11:19:52.426] [jointLog] [info] Thread saw mini-batch with a maximum of 1.08% zero probability fragments
[2022-07-07 11:19:52.440] [jointLog] [info] Thread saw mini-batch with a maximum of 1.04% zero probability fragments
[2022-07-07 11:19:52.608] [jointLog] [info] Computed 359,250 rich equivalence classes for further processing
[2022-07-07 11:19:52.608] [jointLog] [info] Counted 35,964,899 total reads in the equivalence classes 
[2022-07-07 11:19:52.613] [jointLog] [info] Number of orphans recovered using orphan rescue : 2,744,602
[2022-07-07 11:19:52.613] [jointLog] [info] Number of mappings discarded because of alignment score : 24,035,616
[2022-07-07 11:19:52.613] [jointLog] [info] Number of fragments entirely discarded because of alignment score : 1,642,494
[2022-07-07 11:19:52.613] [jointLog] [info] Number of fragments discarded because they are best-mapped to decoys : 111,975
[2022-07-07 11:19:52.613] [jointLog] [info] Number of fragments discarded because they have only dovetail (discordant) mappings to valid targets : 2,998,228
[2022-07-07 11:19:52.613] [jointLog] [info] Mapping rate = 92.0961%

[2022-07-07 11:19:52.613] [jointLog] [info] finished quantifyLibrary()
[2022-07-07 11:19:52.614] [jointLog] [info] Starting optimizer
[2022-07-07 11:19:52.609] [fileLog] [info] 
At end of round 0
==================
Observed 39051497 total fragments (39051497 in most recent round)

[2022-07-07 11:19:53.277] [jointLog] [info] Marked 0 weighted equivalence classes as degenerate
[2022-07-07 11:19:53.289] [jointLog] [info] iteration = 0 | max rel diff. = 4089.52
[2022-07-07 11:19:53.405] [jointLog] [info] iteration 11, adjusting effective lengths to account for biases
[2022-07-07 11:20:31.860] [jointLog] [info] Computed expected counts (for bias correction)
[2022-07-07 11:20:31.860] [jointLog] [info] processed bias for 0.0% of the transcripts
[2022-07-07 11:20:35.811] [jointLog] [info] processed bias for 10.0% of the transcripts
[2022-07-07 11:20:39.915] [jointLog] [info] processed bias for 20.0% of the transcripts
[2022-07-07 11:20:44.023] [jointLog] [info] processed bias for 30.0% of the transcripts
[2022-07-07 11:20:48.233] [jointLog] [info] processed bias for 40.0% of the transcripts
[2022-07-07 11:20:52.449] [jointLog] [info] processed bias for 50.0% of the transcripts
[2022-07-07 11:20:56.479] [jointLog] [info] processed bias for 60.0% of the transcripts
[2022-07-07 11:21:00.062] [jointLog] [info] processed bias for 70.0% of the transcripts
[2022-07-07 11:21:03.769] [jointLog] [info] processed bias for 80.0% of the transcripts
[2022-07-07 11:21:07.666] [jointLog] [info] processed bias for 90.0% of the transcripts
[2022-07-07 11:21:11.810] [jointLog] [info] processed bias for 100.0% of the transcripts
[2022-07-07 11:21:12.844] [jointLog] [info] iteration = 100 | max rel diff. = 12.8127
[2022-07-07 11:21:13.994] [jointLog] [info] iteration = 200 | max rel diff. = 5.87012
[2022-07-07 11:21:15.136] [jointLog] [info] iteration = 300 | max rel diff. = 17.9093
[2022-07-07 11:21:16.279] [jointLog] [info] iteration = 400 | max rel diff. = 0.581395
[2022-07-07 11:21:17.420] [jointLog] [info] iteration = 500 | max rel diff. = 1.46461
[2022-07-07 11:21:18.562] [jointLog] [info] iteration = 600 | max rel diff. = 7.70226
[2022-07-07 11:21:19.704] [jointLog] [info] iteration = 700 | max rel diff. = 0.173197
[2022-07-07 11:21:20.845] [jointLog] [info] iteration = 800 | max rel diff. = 1.028
[2022-07-07 11:21:21.992] [jointLog] [info] iteration = 900 | max rel diff. = 0.198953
[2022-07-07 11:21:23.141] [jointLog] [info] iteration = 1,000 | max rel diff. = 0.180152
[2022-07-07 11:21:24.350] [jointLog] [info] iteration = 1,100 | max rel diff. = 0.645967
[2022-07-07 11:21:25.553] [jointLog] [info] iteration = 1,200 | max rel diff. = 0.0313674
[2022-07-07 11:21:26.702] [jointLog] [info] iteration = 1,300 | max rel diff. = 0.320969
[2022-07-07 11:21:27.847] [jointLog] [info] iteration = 1,400 | max rel diff. = 0.189699
[2022-07-07 11:21:28.989] [jointLog] [info] iteration = 1,500 | max rel diff. = 0.0519628
[2022-07-07 11:21:30.133] [jointLog] [info] iteration = 1,600 | max rel diff. = 0.0380724
[2022-07-07 11:21:31.277] [jointLog] [info] iteration = 1,700 | max rel diff. = 0.0726008
[2022-07-07 11:21:31.437] [jointLog] [info] iteration = 1,715 | max rel diff. = 0.00659947
[2022-07-07 11:21:31.443] [jointLog] [info] Finished optimizer
[2022-07-07 11:21:31.443] [jointLog] [info] writing output 

