[2022-07-07 10:56:48.517] [jointLog] [info] setting maxHashResizeThreads to 8
[2022-07-07 10:56:48.517] [jointLog] [info] Fragment incompatibility prior below threshold.  Incompatible fragments will be ignored.
[2022-07-07 10:56:48.517] [jointLog] [info] Usage of --validateMappings implies use of minScoreFraction. Since not explicitly specified, it is being set to 0.65
[2022-07-07 10:56:48.517] [jointLog] [info] Setting consensusSlack to selective-alignment default of 0.35.
[2022-07-07 10:56:48.517] [jointLog] [info] parsing read library format
[2022-07-07 10:56:48.517] [jointLog] [info] There is 1 library.
[2022-07-07 10:56:48.517] [jointLog] [info] Loading pufferfish index
[2022-07-07 10:56:48.517] [jointLog] [info] Loading dense pufferfish index.
[2022-07-07 10:56:50.396] [jointLog] [info] done
[2022-07-07 10:56:50.490] [jointLog] [info] Index contained 245,339 targets
[2022-07-07 10:56:52.274] [jointLog] [info] Number of decoys : 78
[2022-07-07 10:56:52.274] [jointLog] [info] First decoy index : 245,220 
[2022-07-07 10:56:53.390] [jointLog] [info] Automatically detected most likely library type as ISR

[2022-07-07 11:02:22.762] [jointLog] [info] Thread saw mini-batch with a maximum of 0.80% zero probability fragments
[2022-07-07 11:02:22.775] [jointLog] [info] Thread saw mini-batch with a maximum of 0.88% zero probability fragments
[2022-07-07 11:02:22.833] [jointLog] [info] Thread saw mini-batch with a maximum of 0.80% zero probability fragments
[2022-07-07 11:02:22.863] [jointLog] [info] Thread saw mini-batch with a maximum of 0.82% zero probability fragments
[2022-07-07 11:02:22.898] [jointLog] [info] Thread saw mini-batch with a maximum of 0.84% zero probability fragments
[2022-07-07 11:02:22.922] [jointLog] [info] Thread saw mini-batch with a maximum of 0.80% zero probability fragments
[2022-07-07 11:02:22.976] [jointLog] [info] Thread saw mini-batch with a maximum of 0.90% zero probability fragments
[2022-07-07 11:02:22.982] [jointLog] [info] Thread saw mini-batch with a maximum of 0.90% zero probability fragments
[2022-07-07 11:02:23.389] [jointLog] [info] Computed 997,031 rich equivalence classes for further processing
[2022-07-07 11:02:23.389] [jointLog] [info] Counted 37,397,755 total reads in the equivalence classes 
[2022-07-07 11:02:23.394] [jointLog] [info] Number of orphans recovered using orphan rescue : 1,186,071
[2022-07-07 11:02:23.394] [jointLog] [info] Number of mappings discarded because of alignment score : 23,593,378
[2022-07-07 11:02:23.394] [jointLog] [info] Number of fragments entirely discarded because of alignment score : 1,505,136
[2022-07-07 11:02:23.394] [jointLog] [info] Number of fragments discarded because they are best-mapped to decoys : 175,356
[2022-07-07 11:02:23.394] [jointLog] [info] Number of fragments discarded because they have only dovetail (discordant) mappings to valid targets : 1,007,657
[2022-07-07 11:02:23.394] [jointLog] [info] Mapping rate = 91.9087%

[2022-07-07 11:02:23.394] [jointLog] [info] finished quantifyLibrary()
[2022-07-07 11:02:23.394] [jointLog] [info] Starting optimizer
[2022-07-07 11:02:23.389] [fileLog] [info] 
At end of round 0
==================
Observed 40690106 total fragments (40690106 in most recent round)

[2022-07-07 11:02:36.187] [jointLog] [info] Marked 0 weighted equivalence classes as degenerate
[2022-07-07 11:02:36.218] [jointLog] [info] iteration = 0 | max rel diff. = 3825.79
[2022-07-07 11:02:36.528] [jointLog] [info] iteration 11, adjusting effective lengths to account for biases
[2022-07-07 11:03:26.899] [jointLog] [info] Computed expected counts (for bias correction)
[2022-07-07 11:03:26.900] [jointLog] [info] processed bias for 0.0% of the transcripts
[2022-07-07 11:03:31.853] [jointLog] [info] processed bias for 10.0% of the transcripts
[2022-07-07 11:03:37.005] [jointLog] [info] processed bias for 20.0% of the transcripts
[2022-07-07 11:03:42.142] [jointLog] [info] processed bias for 30.0% of the transcripts
[2022-07-07 11:03:47.568] [jointLog] [info] processed bias for 40.0% of the transcripts
[2022-07-07 11:03:52.716] [jointLog] [info] processed bias for 50.0% of the transcripts
[2022-07-07 11:03:57.792] [jointLog] [info] processed bias for 60.0% of the transcripts
[2022-07-07 11:04:02.686] [jointLog] [info] processed bias for 70.0% of the transcripts
[2022-07-07 11:04:07.299] [jointLog] [info] processed bias for 80.0% of the transcripts
[2022-07-07 11:04:12.485] [jointLog] [info] processed bias for 90.0% of the transcripts
[2022-07-07 11:04:17.270] [jointLog] [info] processed bias for 100.0% of the transcripts
[2022-07-07 11:04:20.058] [jointLog] [info] iteration = 100 | max rel diff. = 15.8755
[2022-07-07 11:04:23.136] [jointLog] [info] iteration = 200 | max rel diff. = 10.3678
[2022-07-07 11:04:26.213] [jointLog] [info] iteration = 300 | max rel diff. = 3.18932
[2022-07-07 11:04:29.291] [jointLog] [info] iteration = 400 | max rel diff. = 2.41513
[2022-07-07 11:04:32.369] [jointLog] [info] iteration = 500 | max rel diff. = 14.7757
[2022-07-07 11:04:35.447] [jointLog] [info] iteration = 600 | max rel diff. = 0.575811
[2022-07-07 11:04:38.525] [jointLog] [info] iteration = 700 | max rel diff. = 0.255194
[2022-07-07 11:04:41.603] [jointLog] [info] iteration = 800 | max rel diff. = 0.104022
[2022-07-07 11:04:44.681] [jointLog] [info] iteration = 900 | max rel diff. = 0.186717
[2022-07-07 11:04:47.758] [jointLog] [info] iteration = 1,000 | max rel diff. = 0.332699
[2022-07-07 11:04:50.837] [jointLog] [info] iteration = 1,100 | max rel diff. = 0.0581796
[2022-07-07 11:04:53.914] [jointLog] [info] iteration = 1,200 | max rel diff. = 0.143482
[2022-07-07 11:04:56.992] [jointLog] [info] iteration = 1,300 | max rel diff. = 0.0513623
[2022-07-07 11:05:00.069] [jointLog] [info] iteration = 1,400 | max rel diff. = 0.0665824
[2022-07-07 11:05:03.148] [jointLog] [info] iteration = 1,500 | max rel diff. = 0.0723533
[2022-07-07 11:05:06.226] [jointLog] [info] iteration = 1,600 | max rel diff. = 0.492649
[2022-07-07 11:05:09.303] [jointLog] [info] iteration = 1,700 | max rel diff. = 0.338104
[2022-07-07 11:05:12.380] [jointLog] [info] iteration = 1,800 | max rel diff. = 0.350074
[2022-07-07 11:05:15.466] [jointLog] [info] iteration = 1,900 | max rel diff. = 0.0443589
[2022-07-07 11:05:18.543] [jointLog] [info] iteration = 2,000 | max rel diff. = 0.0265023
[2022-07-07 11:05:21.620] [jointLog] [info] iteration = 2,100 | max rel diff. = 0.0127401
[2022-07-07 11:05:24.697] [jointLog] [info] iteration = 2,200 | max rel diff. = 0.157814
[2022-07-07 11:05:24.943] [jointLog] [info] iteration = 2,209 | max rel diff. = 0.00700769
[2022-07-07 11:05:24.950] [jointLog] [info] Finished optimizer
[2022-07-07 11:05:24.950] [jointLog] [info] writing output 

