[2022-07-07 11:21:32.901] [jointLog] [info] setting maxHashResizeThreads to 8
[2022-07-07 11:21:32.901] [jointLog] [info] Fragment incompatibility prior below threshold.  Incompatible fragments will be ignored.
[2022-07-07 11:21:32.901] [jointLog] [info] Usage of --validateMappings implies use of minScoreFraction. Since not explicitly specified, it is being set to 0.65
[2022-07-07 11:21:32.901] [jointLog] [info] Setting consensusSlack to selective-alignment default of 0.35.
[2022-07-07 11:21:32.901] [jointLog] [info] parsing read library format
[2022-07-07 11:21:32.901] [jointLog] [info] There is 1 library.
[2022-07-07 11:21:32.901] [jointLog] [info] Loading pufferfish index
[2022-07-07 11:21:32.901] [jointLog] [info] Loading dense pufferfish index.
[2022-07-07 11:21:34.773] [jointLog] [info] done
[2022-07-07 11:21:34.903] [jointLog] [info] Index contained 245,339 targets
[2022-07-07 11:21:36.692] [jointLog] [info] Number of decoys : 78
[2022-07-07 11:21:36.692] [jointLog] [info] First decoy index : 245,220 
[2022-07-07 11:21:37.701] [jointLog] [info] Automatically detected most likely library type as ISF

[2022-07-07 11:27:02.323] [jointLog] [info] Thread saw mini-batch with a maximum of 0.82% zero probability fragments
[2022-07-07 11:27:02.364] [jointLog] [info] Thread saw mini-batch with a maximum of 0.84% zero probability fragments
[2022-07-07 11:27:02.368] [jointLog] [info] Thread saw mini-batch with a maximum of 0.86% zero probability fragments
[2022-07-07 11:27:02.381] [jointLog] [info] Thread saw mini-batch with a maximum of 0.82% zero probability fragments
[2022-07-07 11:27:02.393] [jointLog] [info] Thread saw mini-batch with a maximum of 0.94% zero probability fragments
[2022-07-07 11:27:02.449] [jointLog] [info] Thread saw mini-batch with a maximum of 0.86% zero probability fragments
[2022-07-07 11:27:02.461] [jointLog] [info] Thread saw mini-batch with a maximum of 0.86% zero probability fragments
[2022-07-07 11:27:02.500] [jointLog] [info] Thread saw mini-batch with a maximum of 0.88% zero probability fragments
[2022-07-07 11:27:02.858] [jointLog] [info] Computed 801,663 rich equivalence classes for further processing
[2022-07-07 11:27:02.858] [jointLog] [info] Counted 38,861,412 total reads in the equivalence classes 
[2022-07-07 11:27:02.863] [jointLog] [info] Number of orphans recovered using orphan rescue : 1,981,296
[2022-07-07 11:27:02.863] [jointLog] [info] Number of mappings discarded because of alignment score : 23,906,686
[2022-07-07 11:27:02.863] [jointLog] [info] Number of fragments entirely discarded because of alignment score : 1,516,432
[2022-07-07 11:27:02.863] [jointLog] [info] Number of fragments discarded because they are best-mapped to decoys : 134,475
[2022-07-07 11:27:02.863] [jointLog] [info] Number of fragments discarded because they have only dovetail (discordant) mappings to valid targets : 2,043,983
[2022-07-07 11:27:02.863] [jointLog] [info] Mapping rate = 92.3674%

[2022-07-07 11:27:02.863] [jointLog] [info] finished quantifyLibrary()
[2022-07-07 11:27:02.864] [jointLog] [info] Starting optimizer
[2022-07-07 11:27:03.001] [jointLog] [info] Marked 0 weighted equivalence classes as degenerate
[2022-07-07 11:27:03.026] [jointLog] [info] iteration = 0 | max rel diff. = 3496.28
[2022-07-07 11:27:02.858] [fileLog] [info] 
At end of round 0
==================
Observed 42072634 total fragments (42072634 in most recent round)

[2022-07-07 11:27:03.271] [jointLog] [info] iteration 11, adjusting effective lengths to account for biases
[2022-07-07 11:27:47.703] [jointLog] [info] Computed expected counts (for bias correction)
[2022-07-07 11:27:47.703] [jointLog] [info] processed bias for 0.0% of the transcripts
[2022-07-07 11:27:52.216] [jointLog] [info] processed bias for 10.0% of the transcripts
[2022-07-07 11:27:56.600] [jointLog] [info] processed bias for 20.0% of the transcripts
[2022-07-07 11:28:00.838] [jointLog] [info] processed bias for 30.0% of the transcripts
[2022-07-07 11:28:05.537] [jointLog] [info] processed bias for 40.0% of the transcripts
[2022-07-07 11:28:10.077] [jointLog] [info] processed bias for 50.0% of the transcripts
[2022-07-07 11:28:14.267] [jointLog] [info] processed bias for 60.0% of the transcripts
[2022-07-07 11:28:18.788] [jointLog] [info] processed bias for 70.0% of the transcripts
[2022-07-07 11:28:23.280] [jointLog] [info] processed bias for 80.0% of the transcripts
[2022-07-07 11:28:27.635] [jointLog] [info] processed bias for 90.0% of the transcripts
[2022-07-07 11:28:32.193] [jointLog] [info] processed bias for 100.0% of the transcripts
[2022-07-07 11:28:34.385] [jointLog] [info] iteration = 100 | max rel diff. = 18.1832
[2022-07-07 11:28:36.804] [jointLog] [info] iteration = 200 | max rel diff. = 13.7508
[2022-07-07 11:28:39.220] [jointLog] [info] iteration = 300 | max rel diff. = 7.88881
[2022-07-07 11:28:41.638] [jointLog] [info] iteration = 400 | max rel diff. = 4.86245
[2022-07-07 11:28:44.056] [jointLog] [info] iteration = 500 | max rel diff. = 6.32847
[2022-07-07 11:28:46.474] [jointLog] [info] iteration = 600 | max rel diff. = 0.754151
[2022-07-07 11:28:48.892] [jointLog] [info] iteration = 700 | max rel diff. = 0.1124
[2022-07-07 11:28:51.311] [jointLog] [info] iteration = 800 | max rel diff. = 0.0942128
[2022-07-07 11:28:53.728] [jointLog] [info] iteration = 900 | max rel diff. = 0.185071
[2022-07-07 11:28:56.145] [jointLog] [info] iteration = 1,000 | max rel diff. = 0.565625
[2022-07-07 11:28:58.563] [jointLog] [info] iteration = 1,100 | max rel diff. = 0.1322
[2022-07-07 11:29:00.981] [jointLog] [info] iteration = 1,200 | max rel diff. = 0.150295
[2022-07-07 11:29:03.400] [jointLog] [info] iteration = 1,300 | max rel diff. = 0.254212
[2022-07-07 11:29:05.819] [jointLog] [info] iteration = 1,400 | max rel diff. = 0.0670364
[2022-07-07 11:29:08.236] [jointLog] [info] iteration = 1,500 | max rel diff. = 0.0393992
[2022-07-07 11:29:10.652] [jointLog] [info] iteration = 1,600 | max rel diff. = 0.153565
[2022-07-07 11:29:12.126] [jointLog] [info] iteration = 1,662 | max rel diff. = 0.00711457
[2022-07-07 11:29:12.133] [jointLog] [info] Finished optimizer
[2022-07-07 11:29:12.133] [jointLog] [info] writing output 

