[2022-07-07 11:29:14.578] [jointLog] [info] setting maxHashResizeThreads to 8
[2022-07-07 11:29:14.578] [jointLog] [info] Fragment incompatibility prior below threshold.  Incompatible fragments will be ignored.
[2022-07-07 11:29:14.578] [jointLog] [info] Usage of --validateMappings implies use of minScoreFraction. Since not explicitly specified, it is being set to 0.65
[2022-07-07 11:29:14.578] [jointLog] [info] Setting consensusSlack to selective-alignment default of 0.35.
[2022-07-07 11:29:14.578] [jointLog] [info] parsing read library format
[2022-07-07 11:29:14.578] [jointLog] [info] There is 1 library.
[2022-07-07 11:29:14.578] [jointLog] [info] Loading pufferfish index
[2022-07-07 11:29:14.578] [jointLog] [info] Loading dense pufferfish index.
[2022-07-07 11:29:16.451] [jointLog] [info] done
[2022-07-07 11:29:16.491] [jointLog] [info] Index contained 245,339 targets
[2022-07-07 11:29:18.270] [jointLog] [info] Number of decoys : 78
[2022-07-07 11:29:18.270] [jointLog] [info] First decoy index : 245,220 
[2022-07-07 11:29:18.661] [jointLog] [info] Automatically detected most likely library type as ISR

[2022-07-07 11:37:50.666] [jointLog] [info] Thread saw mini-batch with a maximum of 0.78% zero probability fragments
[2022-07-07 11:37:50.686] [jointLog] [info] Thread saw mini-batch with a maximum of 0.80% zero probability fragments
[2022-07-07 11:37:50.703] [jointLog] [info] Thread saw mini-batch with a maximum of 0.80% zero probability fragments
[2022-07-07 11:37:50.775] [jointLog] [info] Thread saw mini-batch with a maximum of 0.80% zero probability fragments
[2022-07-07 11:37:50.797] [jointLog] [info] Thread saw mini-batch with a maximum of 0.82% zero probability fragments
[2022-07-07 11:37:50.887] [jointLog] [info] Thread saw mini-batch with a maximum of 0.78% zero probability fragments
[2022-07-07 11:37:50.893] [jointLog] [info] Thread saw mini-batch with a maximum of 0.78% zero probability fragments
[2022-07-07 11:37:50.896] [jointLog] [info] Thread saw mini-batch with a maximum of 0.74% zero probability fragments
[2022-07-07 11:37:51.182] [fileLog] [info] 
At end of round 0
==================
Observed 68412077 total fragments (68412077 in most recent round)

[2022-07-07 11:37:51.182] [jointLog] [info] Computed 551,622 rich equivalence classes for further processing
[2022-07-07 11:37:51.182] [jointLog] [info] Counted 63,760,320 total reads in the equivalence classes 
[2022-07-07 11:37:51.187] [jointLog] [info] Number of orphans recovered using orphan rescue : 3,637,225
[2022-07-07 11:37:51.187] [jointLog] [info] Number of mappings discarded because of alignment score : 36,232,296
[2022-07-07 11:37:51.187] [jointLog] [info] Number of fragments entirely discarded because of alignment score : 2,427,213
[2022-07-07 11:37:51.187] [jointLog] [info] Number of fragments discarded because they are best-mapped to decoys : 170,195
[2022-07-07 11:37:51.187] [jointLog] [info] Number of fragments discarded because they have only dovetail (discordant) mappings to valid targets : 2,827,751
[2022-07-07 11:37:51.187] [jointLog] [info] Mapping rate = 93.2004%

[2022-07-07 11:37:51.187] [jointLog] [info] finished quantifyLibrary()
[2022-07-07 11:37:51.187] [jointLog] [info] Starting optimizer
[2022-07-07 11:37:51.286] [jointLog] [info] Marked 0 weighted equivalence classes as degenerate
[2022-07-07 11:37:51.302] [jointLog] [info] iteration = 0 | max rel diff. = 59.7986
[2022-07-07 11:37:51.455] [jointLog] [info] iteration 11, adjusting effective lengths to account for biases
[2022-07-07 11:38:33.061] [jointLog] [info] Computed expected counts (for bias correction)
[2022-07-07 11:38:33.061] [jointLog] [info] processed bias for 0.0% of the transcripts
[2022-07-07 11:38:37.065] [jointLog] [info] processed bias for 10.0% of the transcripts
[2022-07-07 11:38:40.960] [jointLog] [info] processed bias for 20.0% of the transcripts
[2022-07-07 11:38:44.891] [jointLog] [info] processed bias for 30.0% of the transcripts
[2022-07-07 11:38:49.022] [jointLog] [info] processed bias for 40.0% of the transcripts
[2022-07-07 11:38:53.164] [jointLog] [info] processed bias for 50.0% of the transcripts
[2022-07-07 11:38:57.543] [jointLog] [info] processed bias for 60.0% of the transcripts
[2022-07-07 11:39:01.706] [jointLog] [info] processed bias for 70.0% of the transcripts
[2022-07-07 11:39:06.209] [jointLog] [info] processed bias for 80.0% of the transcripts
[2022-07-07 11:39:10.361] [jointLog] [info] processed bias for 90.0% of the transcripts
[2022-07-07 11:39:14.534] [jointLog] [info] processed bias for 100.0% of the transcripts
[2022-07-07 11:39:15.923] [jointLog] [info] iteration = 100 | max rel diff. = 20.4468
[2022-07-07 11:39:17.456] [jointLog] [info] iteration = 200 | max rel diff. = 10.8918
[2022-07-07 11:39:18.988] [jointLog] [info] iteration = 300 | max rel diff. = 3.133
[2022-07-07 11:39:20.520] [jointLog] [info] iteration = 400 | max rel diff. = 3.05764
[2022-07-07 11:39:22.053] [jointLog] [info] iteration = 500 | max rel diff. = 1.20192
[2022-07-07 11:39:23.585] [jointLog] [info] iteration = 600 | max rel diff. = 3.21637
[2022-07-07 11:39:25.119] [jointLog] [info] iteration = 700 | max rel diff. = 17.7663
[2022-07-07 11:39:26.651] [jointLog] [info] iteration = 800 | max rel diff. = 0.477242
[2022-07-07 11:39:28.184] [jointLog] [info] iteration = 900 | max rel diff. = 0.495053
[2022-07-07 11:39:29.716] [jointLog] [info] iteration = 1,000 | max rel diff. = 1.44432
[2022-07-07 11:39:31.248] [jointLog] [info] iteration = 1,100 | max rel diff. = 1.53831
[2022-07-07 11:39:32.781] [jointLog] [info] iteration = 1,200 | max rel diff. = 3.54904
[2022-07-07 11:39:34.314] [jointLog] [info] iteration = 1,300 | max rel diff. = 0.125055
[2022-07-07 11:39:35.847] [jointLog] [info] iteration = 1,400 | max rel diff. = 0.160751
[2022-07-07 11:39:37.379] [jointLog] [info] iteration = 1,500 | max rel diff. = 0.180567
[2022-07-07 11:39:37.486] [jointLog] [info] iteration = 1,508 | max rel diff. = 0.00815328
[2022-07-07 11:39:37.493] [jointLog] [info] Finished optimizer
[2022-07-07 11:39:37.493] [jointLog] [info] writing output 

